Build started 2015-05-31 15:22:22.
     1>Project "C:\Users\Patryk\Desktop\BMI\BMI\BMI.vcxproj" on node 2 (build target(s)).
     1>InitializeBuildStatus:
         Creating "Debug\BMI.unsuccessfulbuild" because "AlwaysCreate" was specified.
       GenerateTargetFrameworkMonikerAttribute:
       Skipping target "GenerateTargetFrameworkMonikerAttribute" because all output files are up-to-date with respect to the input files.
       ClCompile:
         All outputs are up-to-date.
         All outputs are up-to-date.
         All outputs are up-to-date.
       CoreResGen:
         No resources are out of date with respect to their source files. Skipping resource generation.
       ResourceCompile:
         All outputs are up-to-date.
       Link:
         All outputs are up-to-date.
         BMI.vcxproj -> C:\Users\Patryk\Desktop\BMI\Debug\BMI.exe
       FinalizeBuildStatus:
         Deleting file "Debug\BMI.unsuccessfulbuild".
         Touching "Debug\BMI.lastbuildstate".
     1>Done Building Project "C:\Users\Patryk\Desktop\BMI\BMI\BMI.vcxproj" (build target(s)).

Build succeeded.

Time Elapsed 00:00:01.81
